Build started 03.10.2013 23:19:42.
     1>Project "c:\Users\Adelina\documents\visual studio 2010\Projects\WebDev\WebDev\WebDev.vcxproj" on node 2 (build target(s)).
     1>InitializeBuildStatus:
         Creating "Debug\WebDev.unsuccessfulbuild" because "AlwaysCreate" was specified.
       ClCompile:
         All outputs are up-to-date.
         C:\Program Files\Microsoft Visual Studio 10.0\VC\bin\CL.exe /c /ZI /nologo /W3 /WX- /Od /Oy- /D WIN32 /D _DEBUG /D _CONSOLE /D _UNICODE /D UNICODE /Gm /EHsc /RTC1 /MDd /GS /fp:precise /Zc:wchar_t /Zc:forScope /Yu"StdAfx.h" /Fp"Debug\WebDev.pch" /Fo"Debug\\" /Fd"Debug\vc100.pdb" /Gd /TP /analyze- /errorReport:prompt WebDev.cpp
         WebDev.cpp
       ManifestResourceCompile:
         All outputs are up-to-date.
       Link:
         C:\Program Files\Microsoft Visual Studio 10.0\VC\bin\link.exe /ERRORREPORT:PROMPT /OUT:"c:\users\adelina\documents\visual studio 2010\Projects\WebDev\Debug\WebDev.exe" /INCREMENTAL /NOLOGO kernel32.lib user32.lib gdi32.lib winspool.lib comdlg32.lib advapi32.lib shell32.lib ole32.lib oleaut32.lib uuid.lib odbc32.lib odbccp32.lib /MANIFEST /ManifestFile:"Debug\WebDev.exe.intermediate.manifest" /MANIFESTUAC:"level='asInvoker' uiAccess='false'" /DEBUG /PDB:"c:\users\adelina\documents\visual studio 2010\Projects\WebDev\Debug\WebDev.pdb" /SUBSYSTEM:CONSOLE /TLBID:1 /DYNAMICBASE /NXCOMPAT /IMPLIB:"c:\users\adelina\documents\visual studio 2010\Projects\WebDev\Debug\WebDev.lib" /MACHINE:X86 Debug\WebDev.exe.embed.manifest.res
         Debug\stdafx.obj
         Debug\superFunctie.obj
         Debug\WebDev.obj
       Manifest:
         C:\Program Files\Microsoft SDKs\Windows\v7.0A\bin\mt.exe /nologo /verbose /out:"Debug\WebDev.exe.embed.manifest" /manifest Debug\WebDev.exe.intermediate.manifest
         All outputs are up-to-date.
       LinkEmbedManifest:
         All outputs are up-to-date.
         WebDev.vcxproj -> c:\users\adelina\documents\visual studio 2010\Projects\WebDev\Debug\WebDev.exe
       FinalizeBuildStatus:
         Deleting file "Debug\WebDev.unsuccessfulbuild".
         Touching "Debug\WebDev.lastbuildstate".
     1>Done Building Project "c:\Users\Adelina\documents\visual studio 2010\Projects\WebDev\WebDev\WebDev.vcxproj" (build target(s)).

Build succeeded.

Time Elapsed 00:00:01.70
